<?xml version="1.0" encoding="UTF-8"?>
<!-- Generated by org.testng.reporters.JUnitXMLReporter -->
<testsuite ignored="1" hostname="RajkumarLappy" failures="0" tests="3" name="UI Automation Tests" time="23.028" errors="0" timestamp="2025-08-10T00:57:10 IST">
  <testcase classname="tests.Checkeligibilityin15sscreentest" name="Contactuspage" time="0.023"/>
  <testcase classname="tests.Checkeligibilityin15sscreentest" name="Testwithvaliddetails" time="1.657"/>
  <testcase classname="tests.Contactuspagetest" name="contactustest" time="1.125"/>
  <testcase classname="tests.Checkeligibilityin15sscreentest" name="Testwithinvaliddata" time="0.0">
    <ignored/>
  </testcase> <!-- Testwithinvaliddata -->
</testsuite> <!-- UI Automation Tests -->
